<?xml version="1.0" encoding="UTF-8"?>
<!-- Generated by org.testng.reporters.JUnitXMLReporter -->
<testsuite ignored="0" hostname="LAPTOP-I4KUI1K1" failures="0" tests="5" name="Test" time="59.572" errors="0" timestamp="2026-03-04T18:00:52 IST">
  <testcase classname="testCases.VerifyRegisterWithMaleValidData" name="verify_account_registration" time="12.042"/>
  <testcase classname="testCases.VerifyRegisterWithFemaleValidData" name="verify_account_registration" time="8.248"/>
  <testcase classname="testCases.VerifyMandatoryFieldValidations" name="verify_account_registration" time="2.07"/>
  <testcase classname="testCases.VerifyInvalidEmailFormatValidation" name="verify_account_registration" time="2.237"/>
  <testcase classname="testCases.VerifyPasswordMismatchValidation" name="verify_account_registration" time="2.083"/>
</testsuite> <!-- Test -->
