<?xml version="1.0" encoding="UTF-8"?>
<!-- Generated by org.testng.reporters.JUnitXMLReporter -->
<testsuite ignored="0" hostname="LAPTOP-I4KUI1K1" failures="1" tests="2" name="Linux-Chrome" time="73.313" errors="0" timestamp="2026-02-16T11:02:52 IST">
  <testcase classname="testCases.TC001_AccountRegistration" name="verify_account_registration" time="26.667">
    <failure type="java.lang.AssertionError" message="expected [true] but found [false]">
      <![CDATA[java.lang.AssertionError: expected [true] but found [false]
at testCases.TC001_AccountRegistration.verify_account_registration(TC001_AccountRegistration.java:69)
at java.base/java.util.ArrayList.forEach(ArrayList.java:1597)
... Removed 29 stack frames]]>
    </failure>
  </testcase> <!-- verify_account_registration -->
  <testcase classname="testCases.TC001_LoginTest" name="verify_login" time="3.255"/>
</testsuite> <!-- Linux-Chrome -->
