<?xml version="1.0" encoding="UTF-8"?>
<testng-results ignored="0" total="5" passed="5" failed="0" skipped="0">
  <reporter-output>
  </reporter-output>
  <suite started-at="2026-03-04T17:59:36 IST" name="Master Suite" finished-at="2026-03-04T18:00:35 IST" duration-ms="59572">
    <groups>
      <group name="Master">
        <method signature="VerifyInvalidEmailFormatValidation.verify_account_registration()[pri:0, instance:testCases.VerifyInvalidEmailFormatValidation@22295ec4]" name="verify_account_registration" class="testCases.VerifyInvalidEmailFormatValidation"/>
        <method signature="VerifyMandatoryFieldValidations.verify_account_registration()[pri:0, instance:testCases.VerifyMandatoryFieldValidations@61a88b8c]" name="verify_account_registration" class="testCases.VerifyMandatoryFieldValidations"/>
        <method signature="VerifyPasswordMismatchValidation.verify_account_registration()[pri:0, instance:testCases.VerifyPasswordMismatchValidation@5adb0db3]" name="verify_account_registration" class="testCases.VerifyPasswordMismatchValidation"/>
        <method signature="VerifyRegisterWithFemaleValidData.verify_account_registration()[pri:0, instance:testCases.VerifyRegisterWithFemaleValidData@71529963]" name="verify_account_registration" class="testCases.VerifyRegisterWithFemaleValidData"/>
        <method signature="VerifyRegisterWithMaleValidData.verify_account_registration()[pri:0, instance:testCases.VerifyRegisterWithMaleValidData@33fe57a9]" name="verify_account_registration" class="testCases.VerifyRegisterWithMaleValidData"/>
      </group> <!-- Master -->
      <group name="Regression">
        <method signature="VerifyInvalidEmailFormatValidation.verify_account_registration()[pri:0, instance:testCases.VerifyInvalidEmailFormatValidation@22295ec4]" name="verify_account_registration" class="testCases.VerifyInvalidEmailFormatValidation"/>
        <method signature="VerifyMandatoryFieldValidations.verify_account_registration()[pri:0, instance:testCases.VerifyMandatoryFieldValidations@61a88b8c]" name="verify_account_registration" class="testCases.VerifyMandatoryFieldValidations"/>
        <method signature="VerifyPasswordMismatchValidation.verify_account_registration()[pri:0, instance:testCases.VerifyPasswordMismatchValidation@5adb0db3]" name="verify_account_registration" class="testCases.VerifyPasswordMismatchValidation"/>
        <method signature="VerifyRegisterWithFemaleValidData.verify_account_registration()[pri:0, instance:testCases.VerifyRegisterWithFemaleValidData@71529963]" name="verify_account_registration" class="testCases.VerifyRegisterWithFemaleValidData"/>
        <method signature="VerifyRegisterWithMaleValidData.verify_account_registration()[pri:0, instance:testCases.VerifyRegisterWithMaleValidData@33fe57a9]" name="verify_account_registration" class="testCases.VerifyRegisterWithMaleValidData"/>
      </group> <!-- Regression -->
    </groups>
    <test started-at="2026-03-04T17:59:36 IST" name="Test" finished-at="2026-03-04T18:00:35 IST" duration-ms="59572">
      <class name="testCases.VerifyInvalidEmailFormatValidation">
        <test-method is-config="true" signature="setup(java.lang.String,java.lang.String)[pri:0, instance:testCases.VerifyInvalidEmailFormatValidation@22295ec4]" started-at="2026-03-04T18:00:21 IST" name="setup" finished-at="2026-03-04T18:00:25 IST" duration-ms="3943" status="PASS">
          <params>
            <param index="0">
              <value>
                <![CDATA[Windows]]>
              </value>
            </param>
            <param index="1">
              <value>
                <![CDATA[chrome]]>
              </value>
            </param>
          </params>
          <reporter-output>
          </reporter-output>
        </test-method> <!-- setup -->
        <test-method signature="verify_account_registration()[pri:0, instance:testCases.VerifyInvalidEmailFormatValidation@22295ec4]" started-at="2026-03-04T18:00:25 IST" name="verify_account_registration" finished-at="2026-03-04T18:00:28 IST" duration-ms="2237" status="PASS">
          <reporter-output>
          </reporter-output>
        </test-method> <!-- verify_account_registration -->
        <test-method is-config="true" signature="teardown()[pri:0, instance:testCases.VerifyInvalidEmailFormatValidation@22295ec4]" started-at="2026-03-04T18:00:28 IST" name="teardown" finished-at="2026-03-04T18:00:28 IST" duration-ms="361" status="PASS">
          <reporter-output>
          </reporter-output>
        </test-method> <!-- teardown -->
      </class> <!-- testCases.VerifyInvalidEmailFormatValidation -->
      <class name="testCases.VerifyMandatoryFieldValidations">
        <test-method is-config="true" signature="setup(java.lang.String,java.lang.String)[pri:0, instance:testCases.VerifyMandatoryFieldValidations@61a88b8c]" started-at="2026-03-04T18:00:14 IST" name="setup" finished-at="2026-03-04T18:00:19 IST" duration-ms="5035" status="PASS">
          <params>
            <param index="0">
              <value>
                <![CDATA[Windows]]>
              </value>
            </param>
            <param index="1">
              <value>
                <![CDATA[chrome]]>
              </value>
            </param>
          </params>
          <reporter-output>
          </reporter-output>
        </test-method> <!-- setup -->
        <test-method signature="verify_account_registration()[pri:0, instance:testCases.VerifyMandatoryFieldValidations@61a88b8c]" started-at="2026-03-04T18:00:19 IST" name="verify_account_registration" finished-at="2026-03-04T18:00:21 IST" duration-ms="2070" status="PASS">
          <reporter-output>
          </reporter-output>
        </test-method> <!-- verify_account_registration -->
        <test-method is-config="true" signature="teardown()[pri:0, instance:testCases.VerifyMandatoryFieldValidations@61a88b8c]" started-at="2026-03-04T18:00:21 IST" name="teardown" finished-at="2026-03-04T18:00:21 IST" duration-ms="406" status="PASS">
          <reporter-output>
          </reporter-output>
        </test-method> <!-- teardown -->
      </class> <!-- testCases.VerifyMandatoryFieldValidations -->
      <class name="testCases.VerifyPasswordMismatchValidation">
        <test-method is-config="true" signature="setup(java.lang.String,java.lang.String)[pri:0, instance:testCases.VerifyPasswordMismatchValidation@5adb0db3]" started-at="2026-03-04T18:00:28 IST" name="setup" finished-at="2026-03-04T18:00:33 IST" duration-ms="4691" status="PASS">
          <params>
            <param index="0">
              <value>
                <![CDATA[Windows]]>
              </value>
            </param>
            <param index="1">
              <value>
                <![CDATA[chrome]]>
              </value>
            </param>
          </params>
          <reporter-output>
          </reporter-output>
        </test-method> <!-- setup -->
        <test-method signature="verify_account_registration()[pri:0, instance:testCases.VerifyPasswordMismatchValidation@5adb0db3]" started-at="2026-03-04T18:00:33 IST" name="verify_account_registration" finished-at="2026-03-04T18:00:35 IST" duration-ms="2083" status="PASS">
          <reporter-output>
          </reporter-output>
        </test-method> <!-- verify_account_registration -->
        <test-method is-config="true" signature="teardown()[pri:0, instance:testCases.VerifyPasswordMismatchValidation@5adb0db3]" started-at="2026-03-04T18:00:35 IST" name="teardown" finished-at="2026-03-04T18:00:35 IST" duration-ms="388" status="PASS">
          <reporter-output>
          </reporter-output>
        </test-method> <!-- teardown -->
      </class> <!-- testCases.VerifyPasswordMismatchValidation -->
      <class name="testCases.VerifyRegisterWithFemaleValidData">
        <test-method is-config="true" signature="setup(java.lang.String,java.lang.String)[pri:0, instance:testCases.VerifyRegisterWithFemaleValidData@71529963]" started-at="2026-03-04T17:59:57 IST" name="setup" finished-at="2026-03-04T18:00:03 IST" duration-ms="5903" status="PASS">
          <params>
            <param index="0">
              <value>
                <![CDATA[Windows]]>
              </value>
            </param>
            <param index="1">
              <value>
                <![CDATA[chrome]]>
              </value>
            </param>
          </params>
          <reporter-output>
          </reporter-output>
        </test-method> <!-- setup -->
        <test-method signature="verify_account_registration()[pri:0, instance:testCases.VerifyRegisterWithFemaleValidData@71529963]" started-at="2026-03-04T18:00:03 IST" name="verify_account_registration" finished-at="2026-03-04T18:00:12 IST" duration-ms="8248" status="PASS">
          <reporter-output>
          </reporter-output>
        </test-method> <!-- verify_account_registration -->
        <test-method is-config="true" signature="teardown()[pri:0, instance:testCases.VerifyRegisterWithFemaleValidData@71529963]" started-at="2026-03-04T18:00:12 IST" name="teardown" finished-at="2026-03-04T18:00:14 IST" duration-ms="2371" status="PASS">
          <reporter-output>
          </reporter-output>
        </test-method> <!-- teardown -->
      </class> <!-- testCases.VerifyRegisterWithFemaleValidData -->
      <class name="testCases.VerifyRegisterWithMaleValidData">
        <test-method is-config="true" signature="setup(java.lang.String,java.lang.String)[pri:0, instance:testCases.VerifyRegisterWithMaleValidData@33fe57a9]" started-at="2026-03-04T17:59:37 IST" name="setup" finished-at="2026-03-04T17:59:44 IST" duration-ms="7454" status="PASS">
          <params>
            <param index="0">
              <value>
                <![CDATA[Windows]]>
              </value>
            </param>
            <param index="1">
              <value>
                <![CDATA[chrome]]>
              </value>
            </param>
          </params>
          <reporter-output>
          </reporter-output>
        </test-method> <!-- setup -->
        <test-method signature="verify_account_registration()[pri:0, instance:testCases.VerifyRegisterWithMaleValidData@33fe57a9]" started-at="2026-03-04T17:59:44 IST" name="verify_account_registration" finished-at="2026-03-04T17:59:56 IST" duration-ms="12042" status="PASS">
          <reporter-output>
          </reporter-output>
        </test-method> <!-- verify_account_registration -->
        <test-method is-config="true" signature="teardown()[pri:0, instance:testCases.VerifyRegisterWithMaleValidData@33fe57a9]" started-at="2026-03-04T17:59:57 IST" name="teardown" finished-at="2026-03-04T17:59:57 IST" duration-ms="881" status="PASS">
          <reporter-output>
          </reporter-output>
        </test-method> <!-- teardown -->
      </class> <!-- testCases.VerifyRegisterWithMaleValidData -->
    </test> <!-- Test -->
  </suite> <!-- Master Suite -->
</testng-results>
